dn: dc=edt,dc=org
dn: ou=maquines,dc=edt,dc=org
dn: ou=clients,dc=edt,dc=org
dn: ou=productes,dc=edt,dc=org
dn: ou=grups,dc=edt,dc=org
dn: ou=usuaris,dc=edt,dc=org
dn: uid=pau,ou=usuaris,dc=edt,dc=org
dn: uid=pere,ou=usuaris,dc=edt,dc=org
dn: uid=anna,ou=usuaris,dc=edt,dc=org
dn: uid=marta,ou=usuaris,dc=edt,dc=org
dn: uid=jordi,ou=usuaris,dc=edt,dc=org
dn: uid=admin,ou=usuaris,dc=edt,dc=org
dn: uid=user01,ou=usuaris,dc=edt,dc=org
dn: uid=user02,ou=usuaris,dc=edt,dc=org
dn: uid=user03,ou=usuaris,dc=edt,dc=org
dn: uid=user04,ou=usuaris,dc=edt,dc=org
dn: uid=user05,ou=usuaris,dc=edt,dc=org
dn: uid=user06,ou=usuaris,dc=edt,dc=org
dn: uid=user07,ou=usuaris,dc=edt,dc=org
dn: uid=user08,ou=usuaris,dc=edt,dc=org
dn: uid=user09,ou=usuaris,dc=edt,dc=org
dn: uid=user10,ou=usuaris,dc=edt,dc=org
dn: cn=wheel,ou=grups,dc=edt,dc=org
dn: cn=professors,ou=grups,dc=edt,dc=org
dn: cn=alumnes,ou=grups,dc=edt,dc=org
dn: cn=1asix,ou=grups,dc=edt,dc=org
dn: cn=2asix,ou=grups,dc=edt,dc=org
dn: cn=1wiam,ou=grups,dc=edt,dc=org
dn: cn=2wiam,ou=grups,dc=edt,dc=org
dn: cn=1hiaw,ou=grups,dc=edt,dc=org
